[debug] [2019-01-30T17:21:58.393Z] ----------------------------------------------------------------------
[debug] [2019-01-30T17:21:58.396Z] Command:       C:\Program Files\nodejs\node.exe C:\Users\vipinp2\AppData\Roaming\npm\node_modules\firebase-tools\lib\bin\firebase.js init
[debug] [2019-01-30T17:21:58.396Z] CLI Version:   6.3.0
[debug] [2019-01-30T17:21:58.396Z] Platform:      win32
[debug] [2019-01-30T17:21:58.396Z] Node Version:  v10.15.0
[debug] [2019-01-30T17:21:58.397Z] Time:          Wed Jan 30 2019 22:51:58 GMT+0530 (India Standard Time)
[debug] [2019-01-30T17:21:58.397Z] ----------------------------------------------------------------------
[debug] 
[debug] [2019-01-30T17:21:58.409Z] > command requires scopes: ["email","openid","https://www.googleapis.com/auth/cloudplatformprojects.readonly","https://www.googleapis.com/auth/firebase","https://www.googleapis.com/auth/cloud-platform"]
[debug] [2019-01-30T17:21:58.410Z] > authorizing via signed-in user
[info] 
     ######## #### ########  ######## ########     ###     ######  ########
     ##        ##  ##     ## ##       ##     ##  ##   ##  ##       ##
     ######    ##  ########  ######   ########  #########  ######  ######
     ##        ##  ##    ##  ##       ##     ## ##     ##       ## ##
     ##       #### ##     ## ######## ########  ##     ##  ######  ########

You're about to initialize a Firebase project in this directory:

  E:\angularcliproj\angularfiebase-authentication

Before we get started, keep in mind:

  * You are initializing in an existing Firebase project directory

